ERROR:__main__:Error while training: 'text'
WARNING:__main__:C:\Users\ALS\AppData\Local\Programs\Python\Python310\lib\site-packages\huggingface_hub\file_download.py:1132: FutureWarning: `resume_download` is deprecated and will be removed in version 1.0.0. Downloads always resume when possible. If you want to force a new download, use `force_download=True`.
WARNING:__main__:C:\Users\ALS\AppData\Local\Programs\Python\Python310\lib\site-packages\huggingface_hub\file_download.py:1132: FutureWarning: `resume_download` is deprecated and will be removed in version 1.0.0. Downloads always resume when possible. If you want to force a new download, use `force_download=True`.
WARNING:__main__:C:\Users\ALS\AppData\Local\Programs\Python\Python310\lib\site-packages\huggingface_hub\file_download.py:1132: FutureWarning: `resume_download` is deprecated and will be removed in version 1.0.0. Downloads always resume when possible. If you want to force a new download, use `force_download=True`.
WARNING:__main__:C:\Users\ALS\AppData\Local\Programs\Python\Python310\lib\site-packages\huggingface_hub\file_download.py:1132: FutureWarning: `resume_download` is deprecated and will be removed in version 1.0.0. Downloads always resume when possible. If you want to force a new download, use `force_download=True`.
WARNING:__main__:C:\Users\ALS\AppData\Local\Programs\Python\Python310\lib\site-packages\huggingface_hub\file_download.py:1132: FutureWarning: `resume_download` is deprecated and will be removed in version 1.0.0. Downloads always resume when possible. If you want to force a new download, use `force_download=True`.
WARNING:__main__:C:\Users\ALS\AppData\Local\Programs\Python\Python310\lib\site-packages\huggingface_hub\file_download.py:1132: FutureWarning: `resume_download` is deprecated and will be removed in version 1.0.0. Downloads always resume when possible. If you want to force a new download, use `force_download=True`.
WARNING:__main__:C:\Users\ALS\AppData\Local\Programs\Python\Python310\lib\site-packages\huggingface_hub\file_download.py:1132: FutureWarning: `resume_download` is deprecated and will be removed in version 1.0.0. Downloads always resume when possible. If you want to force a new download, use `force_download=True`.
WARNING:__main__:C:\Users\ALS\AppData\Local\Programs\Python\Python310\lib\site-packages\huggingface_hub\file_download.py:1132: FutureWarning: `resume_download` is deprecated and will be removed in version 1.0.0. Downloads always resume when possible. If you want to force a new download, use `force_download=True`.
WARNING:__main__:C:\Users\ALS\AppData\Local\Programs\Python\Python310\lib\site-packages\huggingface_hub\file_download.py:1132: FutureWarning: `resume_download` is deprecated and will be removed in version 1.0.0. Downloads always resume when possible. If you want to force a new download, use `force_download=True`.
ERROR:__main__:Error while predicting: [Errno 2] No such file or directory: './data/model/model.pth'
ERROR:__main__:Error while training: 'text'
ERROR:__main__:Error while training: 'text'
ERROR:__main__:Error while training: [Errno 2] No such file or directory: 'sample_submission.csv'
ERROR:__main__:Error while training: [Errno 2] No such file or directory: 'sample_submission.csv'
ERROR:__main__:Error while training: 'text'
WARNING:__main__:C:\Users\ALS\AppData\Local\Programs\Python\Python310\lib\site-packages\huggingface_hub\file_download.py:1132: FutureWarning: `resume_download` is deprecated and will be removed in version 1.0.0. Downloads always resume when possible. If you want to force a new download, use `force_download=True`.
WARNING:__main__:C:\Users\ALS\AppData\Local\Programs\Python\Python310\lib\site-packages\huggingface_hub\file_download.py:1132: FutureWarning: `resume_download` is deprecated and will be removed in version 1.0.0. Downloads always resume when possible. If you want to force a new download, use `force_download=True`.
WARNING:__main__:C:\Users\ALS\AppData\Local\Programs\Python\Python310\lib\site-packages\huggingface_hub\file_download.py:1132: FutureWarning: `resume_download` is deprecated and will be removed in version 1.0.0. Downloads always resume when possible. If you want to force a new download, use `force_download=True`.
WARNING:__main__:C:\Users\ALS\AppData\Local\Programs\Python\Python310\lib\site-packages\transformers\optimization.py:521: FutureWarning: This implementation of AdamW is deprecated and will be removed in a future version. Use the PyTorch implementation torch.optim.AdamW instead, or set `no_deprecation_warning=True` to disable this warning
ERROR:__main__:Error while training: 
WARNING:__main__:C:\Users\ALS\AppData\Local\Programs\Python\Python310\lib\site-packages\huggingface_hub\file_download.py:1132: FutureWarning: `resume_download` is deprecated and will be removed in version 1.0.0. Downloads always resume when possible. If you want to force a new download, use `force_download=True`.
WARNING:__main__:C:\Users\ALS\AppData\Local\Programs\Python\Python310\lib\site-packages\huggingface_hub\file_download.py:1132: FutureWarning: `resume_download` is deprecated and will be removed in version 1.0.0. Downloads always resume when possible. If you want to force a new download, use `force_download=True`.
WARNING:__main__:C:\Users\ALS\AppData\Local\Programs\Python\Python310\lib\site-packages\huggingface_hub\file_download.py:1132: FutureWarning: `resume_download` is deprecated and will be removed in version 1.0.0. Downloads always resume when possible. If you want to force a new download, use `force_download=True`.
WARNING:__main__:C:\Users\ALS\AppData\Local\Programs\Python\Python310\lib\site-packages\transformers\optimization.py:521: FutureWarning: This implementation of AdamW is deprecated and will be removed in a future version. Use the PyTorch implementation torch.optim.AdamW instead, or set `no_deprecation_warning=True` to disable this warning
WARNING:__main__:C:\Users\ALS\AppData\Local\Programs\Python\Python310\lib\site-packages\huggingface_hub\file_download.py:1132: FutureWarning: `resume_download` is deprecated and will be removed in version 1.0.0. Downloads always resume when possible. If you want to force a new download, use `force_download=True`.
WARNING:__main__:C:\Users\ALS\AppData\Local\Programs\Python\Python310\lib\site-packages\huggingface_hub\file_download.py:1132: FutureWarning: `resume_download` is deprecated and will be removed in version 1.0.0. Downloads always resume when possible. If you want to force a new download, use `force_download=True`.
WARNING:__main__:C:\Users\ALS\AppData\Local\Programs\Python\Python310\lib\site-packages\huggingface_hub\file_download.py:1132: FutureWarning: `resume_download` is deprecated and will be removed in version 1.0.0. Downloads always resume when possible. If you want to force a new download, use `force_download=True`.
WARNING:__main__:C:\Users\ALS\AppData\Local\Programs\Python\Python310\lib\site-packages\huggingface_hub\file_download.py:1132: FutureWarning: `resume_download` is deprecated and will be removed in version 1.0.0. Downloads always resume when possible. If you want to force a new download, use `force_download=True`.
WARNING:__main__:C:\Users\ALS\AppData\Local\Programs\Python\Python310\lib\site-packages\huggingface_hub\file_download.py:1132: FutureWarning: `resume_download` is deprecated and will be removed in version 1.0.0. Downloads always resume when possible. If you want to force a new download, use `force_download=True`.
WARNING:__main__:C:\Users\ALS\AppData\Local\Programs\Python\Python310\lib\site-packages\huggingface_hub\file_download.py:1132: FutureWarning: `resume_download` is deprecated and will be removed in version 1.0.0. Downloads always resume when possible. If you want to force a new download, use `force_download=True`.
WARNING:__main__:C:\Users\ALS\AppData\Local\Programs\Python\Python310\lib\site-packages\transformers\optimization.py:521: FutureWarning: This implementation of AdamW is deprecated and will be removed in a future version. Use the PyTorch implementation torch.optim.AdamW instead, or set `no_deprecation_warning=True` to disable this warning
ERROR:__main__:Error while training: 
WARNING:__main__:C:\Users\ALS\AppData\Local\Programs\Python\Python310\lib\site-packages\huggingface_hub\file_download.py:1132: FutureWarning: `resume_download` is deprecated and will be removed in version 1.0.0. Downloads always resume when possible. If you want to force a new download, use `force_download=True`.
WARNING:__main__:C:\Users\ALS\AppData\Local\Programs\Python\Python310\lib\site-packages\huggingface_hub\file_download.py:1132: FutureWarning: `resume_download` is deprecated and will be removed in version 1.0.0. Downloads always resume when possible. If you want to force a new download, use `force_download=True`.
WARNING:__main__:C:\Users\ALS\AppData\Local\Programs\Python\Python310\lib\site-packages\huggingface_hub\file_download.py:1132: FutureWarning: `resume_download` is deprecated and will be removed in version 1.0.0. Downloads always resume when possible. If you want to force a new download, use `force_download=True`.
WARNING:__main__:C:\Users\ALS\AppData\Local\Programs\Python\Python310\lib\site-packages\transformers\optimization.py:521: FutureWarning: This implementation of AdamW is deprecated and will be removed in a future version. Use the PyTorch implementation torch.optim.AdamW instead, or set `no_deprecation_warning=True` to disable this warning
INFO:__main__:Epoch 1/2, Average Training Loss: 0.03
INFO:__main__:Epoch 2/2, Average Training Loss: 0.01
INFO:__main__:Model was trained and artifacts were saved at ./model/
WARNING:__main__:C:\Users\ALS\AppData\Local\Programs\Python\Python310\lib\site-packages\huggingface_hub\file_download.py:1132: FutureWarning: `resume_download` is deprecated and will be removed in version 1.0.0. Downloads always resume when possible. If you want to force a new download, use `force_download=True`.
WARNING:__main__:C:\Users\ALS\AppData\Local\Programs\Python\Python310\lib\site-packages\huggingface_hub\file_download.py:1132: FutureWarning: `resume_download` is deprecated and will be removed in version 1.0.0. Downloads always resume when possible. If you want to force a new download, use `force_download=True`.
WARNING:__main__:C:\Users\ALS\AppData\Local\Programs\Python\Python310\lib\site-packages\huggingface_hub\file_download.py:1132: FutureWarning: `resume_download` is deprecated and will be removed in version 1.0.0. Downloads always resume when possible. If you want to force a new download, use `force_download=True`.
INFO:__main__:Predictions was succesfully saved results.csv
WARNING:__main__:C:\Users\ALS\AppData\Local\Programs\Python\Python310\lib\site-packages\huggingface_hub\file_download.py:1132: FutureWarning: `resume_download` is deprecated and will be removed in version 1.0.0. Downloads always resume when possible. If you want to force a new download, use `force_download=True`.
ERROR:__main__:Error while predicting: Invalid file path or buffer object type: <class 'NoneType'>
WARNING:__main__:C:\Users\ALS\AppData\Local\Programs\Python\Python310\lib\site-packages\huggingface_hub\file_download.py:1132: FutureWarning: `resume_download` is deprecated and will be removed in version 1.0.0. Downloads always resume when possible. If you want to force a new download, use `force_download=True`.
ERROR:__main__:Error while predicting: Invalid file path or buffer object type: <class 'NoneType'>
WARNING:__main__:C:\Users\ALS\AppData\Local\Programs\Python\Python310\lib\site-packages\huggingface_hub\file_download.py:1132: FutureWarning: `resume_download` is deprecated and will be removed in version 1.0.0. Downloads always resume when possible. If you want to force a new download, use `force_download=True`.
ERROR:__main__:Error while predicting: Invalid file path or buffer object type: <class 'NoneType'>
WARNING:__main__:C:\Users\ALS\AppData\Local\Programs\Python\Python310\lib\site-packages\huggingface_hub\file_download.py:1132: FutureWarning: `resume_download` is deprecated and will be removed in version 1.0.0. Downloads always resume when possible. If you want to force a new download, use `force_download=True`.
ERROR:__main__:Error while predicting: Invalid file path or buffer object type: <class 'NoneType'>
WARNING:__main__:C:\Users\ALS\AppData\Local\Programs\Python\Python310\lib\site-packages\huggingface_hub\file_download.py:1132: FutureWarning: `resume_download` is deprecated and will be removed in version 1.0.0. Downloads always resume when possible. If you want to force a new download, use `force_download=True`.
ERROR:__main__:Error while predicting: Invalid file path or buffer object type: <class 'NoneType'>
WARNING:__main__:C:\Users\ALS\AppData\Local\Programs\Python\Python310\lib\site-packages\huggingface_hub\file_download.py:1132: FutureWarning: `resume_download` is deprecated and will be removed in version 1.0.0. Downloads always resume when possible. If you want to force a new download, use `force_download=True`.
ERROR:__main__:Error while predicting: Invalid file path or buffer object type: <class 'NoneType'>
